[-]21-04-2024 02:57:04 Server started on port 3000
[-]21-04-2024 02:57:11 Server started on port 3000
[-]21-04-2024 02:57:14 Server started on port 3000
[-]21-04-2024 02:57:15 Server started on port 3000
[-]21-04-2024 02:57:17 Server started on port 3000
[-]21-04-2024 02:57:20 Server started on port 3000
[-]21-04-2024 03:31:44 Server started on port 3000
[-]21-04-2024 03:31:57 Server started on port 3000
[-]21-04-2024 03:32:00 Server started on port 3000
[-]21-04-2024 03:32:04 Server started on port 3000
[-]21-04-2024 03:32:12 Server started on port 3000
[-]21-04-2024 03:32:17 Server started on port 3000
[-]21-04-2024 03:32:25 Server started on port 3000
[-]21-04-2024 03:32:29 Server started on port 3000
[-]21-04-2024 03:32:33 Server started on port 3000
[-]21-04-2024 03:32:34 Server started on port 3000
[-]21-04-2024 03:32:36 Server started on port 3000
[-]21-04-2024 03:32:37 Server started on port 3000
[-]21-04-2024 03:32:55 Server started on port 3000
[-]21-04-2024 03:32:57 Server started on port 3000
[-]21-04-2024 03:32:58 Server started on port 3000
[-]21-04-2024 03:33:14 Server started on port 3000
[-]21-04-2024 03:33:18 Server started on port 3000
[-]21-04-2024 03:33:27 Server started on port 3000
[-]21-04-2024 03:34:00 Server started on port 3000
[-]21-04-2024 03:34:04 Server started on port 3000
[-]21-04-2024 03:34:56 Server started on port 3000
[-]21-04-2024 03:35:07 Server started on port 3000
[-]21-04-2024 03:35:30 Server started on port 3000
[-]21-04-2024 03:35:34 Server started on port 3000
[-]21-04-2024 03:35:36 Server started on port 3000
[-]21-04-2024 03:35:40 Server started on port 3000
[-]21-04-2024 03:35:57 Server started on port 3000
[-]21-04-2024 03:36:04 Server started on port 3000
[-]21-04-2024 03:36:09 Server started on port 3000
[-]21-04-2024 03:36:15 Server started on port 3000
[-]21-04-2024 03:36:17 Server started on port 3000
[-]21-04-2024 03:36:23 Server started on port 3000
[-]21-04-2024 03:36:25 Server started on port 3000
[-]21-04-2024 03:36:29 Server started on port 3000
[-]21-04-2024 03:36:30 Server started on port 3000
[-]21-04-2024 03:42:36 Server started on port 3000
[-]21-04-2024 03:42:39 Server started on port 3000
[*]21-04-2024 03:43:01 Incoming Request : GET /api/movies
[*]21-04-2024 03:43:12 Incoming Request : GET /api/home
[*]21-04-2024 03:43:16 Incoming Request : GET /api/index
[*]21-04-2024 03:43:20 Incoming Request : GET /api/cars
[*]21-04-2024 03:43:23 Incoming Request : GET /api/movies
[*]21-04-2024 03:43:27 Incoming Request : GET /movies
[*]21-04-2024 03:43:30 Incoming Request : GET /api/movies
[-]21-04-2024 04:46:56 Server started on port 3000
[-]21-04-2024 04:47:24 Server started on port 3000
[-]21-04-2024 04:47:27 Server started on port 3000
[-]21-04-2024 04:47:33 Server started on port 3000
[-]21-04-2024 04:47:35 Server started on port 3000
[-]21-04-2024 04:47:38 Server started on port 3000
[-]21-04-2024 04:47:44 Server started on port 3000
[-]21-04-2024 04:47:46 Server started on port 3000
[-]21-04-2024 04:47:55 Server started on port 3000
[-]21-04-2024 04:47:57 Server started on port 3000
[-]21-04-2024 04:47:59 Server started on port 3000
[-]21-04-2024 04:48:02 Server started on port 3000
[-]21-04-2024 04:48:09 Server started on port 3000
[-]21-04-2024 04:48:10 Server started on port 3000
[-]21-04-2024 04:48:12 Server started on port 3000
[-]21-04-2024 04:48:15 Server started on port 3000
[-]21-04-2024 04:48:17 Server started on port 3000
[-]21-04-2024 04:48:21 Server started on port 3000
[-]21-04-2024 04:48:28 Server started on port 3000
[-]21-04-2024 04:48:42 Server started on port 3000
[-]21-04-2024 04:48:58 Server started on port 3000
[-]21-04-2024 04:49:06 Server started on port 3000
[-]21-04-2024 04:49:08 Server started on port 3000
[-]21-04-2024 04:49:12 Server started on port 3000
[-]21-04-2024 04:49:13 Server started on port 3000
[-]21-04-2024 04:49:14 Server started on port 3000
[-]21-04-2024 04:49:18 Server started on port 3000
[-]21-04-2024 04:49:19 Server started on port 3000
[-]21-04-2024 04:49:23 Server started on port 3000
[-]21-04-2024 04:49:27 Server started on port 3000
[-]21-04-2024 04:49:29 Server started on port 3000
[-]21-04-2024 04:49:33 Server started on port 3000
[-]21-04-2024 04:49:37 Server started on port 3000
[-]21-04-2024 04:49:41 Server started on port 3000
[-]21-04-2024 04:49:43 Server started on port 3000
[-]21-04-2024 04:49:45 Server started on port 3000
[-]21-04-2024 04:49:48 Server started on port 3000
[-]21-04-2024 04:49:50 Server started on port 3000
[-]21-04-2024 04:49:53 Server started on port 3000
[-]21-04-2024 04:49:57 Server started on port 3000
[-]21-04-2024 04:49:59 Server started on port 3000
[-]21-04-2024 04:50:06 Server started on port 3000
[-]21-04-2024 04:50:08 Server started on port 3000
[-]21-04-2024 04:50:12 Server started on port 3000
[-]21-04-2024 04:50:14 Server started on port 3000
[-]21-04-2024 04:50:18 Server started on port 3000
[-]21-04-2024 04:50:21 Server started on port 3000
[-]21-04-2024 04:50:23 Server started on port 3000
[-]21-04-2024 04:50:27 Server started on port 3000
[-]21-04-2024 04:50:31 Server started on port 3000
[-]21-04-2024 04:50:35 Server started on port 3000
[-]21-04-2024 04:50:37 Server started on port 3000
[-]21-04-2024 04:50:38 Server started on port 3000
[-]21-04-2024 04:50:40 Server started on port 3000
[-]21-04-2024 04:50:48 Server started on port 3000
[-]21-04-2024 04:50:53 Server started on port 3000
[-]21-04-2024 04:51:06 Server started on port 3000
[-]21-04-2024 04:51:49 Server started on port 3000
[-]21-04-2024 04:52:19 Server started on port 3000
[-]21-04-2024 04:52:26 Server started on port 3000
[-]21-04-2024 04:52:28 Server started on port 3000
[-]21-04-2024 04:52:31 Server started on port 3000
[-]21-04-2024 04:52:45 Server started on port 3000
[-]21-04-2024 05:09:21 Server started on port 3000
[*]21-04-2024 05:09:40 Incoming Request : GET /api/movies
[*]21-04-2024 05:09:50 Incoming Request : GET /movies
[*]21-04-2024 05:09:55 Incoming Request : GET /movies/ddfdf
[*]21-04-2024 05:10:03 Incoming Request : GET /movies/1
[*]21-04-2024 05:10:10 Incoming Request : GET /movies/2
[-]21-04-2024 05:10:22 Server started on port 3000
[-]21-04-2024 05:10:24 Server started on port 3000
[*]21-04-2024 05:11:00 Incoming Request : GET /mov
[-]21-04-2024 05:11:06 Server started on port 3000
[-]21-04-2024 05:11:08 Server started on port 3000
[-]21-04-2024 11:11:15 Server started on port 3000
[*]21-04-2024 11:11:53 Incoming Request : GET /movies
[*]21-04-2024 11:11:53 Incoming Request : GET /favicon.ico
[*]21-04-2024 11:12:07 Incoming Request : GET /movies
[*]21-04-2024 11:12:16 Incoming Request : POST /movies
[*]21-04-2024 11:12:28 Incoming Request : GET /movies/dsdsds
[*]21-04-2024 11:12:35 Incoming Request : GET /mov
[-]21-04-2024 12:54:21 Server started on port 3000
[*]21-04-2024 12:54:30 Incoming Request : GET /movies
[-]21-04-2024 12:54:30 ReferenceError: MONGO_DB is not defined
[-]21-04-2024 12:54:46 Server started on port 3000
[*]21-04-2024 12:54:51 Incoming Request : GET /movies
[-]21-04-2024 12:54:51 ReferenceError: MONGO_DB is not defined
[-]21-04-2024 12:54:57 Server started on port 3000
[-]21-04-2024 12:55:00 Server started on port 3000
[-]21-04-2024 13:07:34 Server started on port 3000
[*]21-04-2024 13:07:36 Incoming Request : GET /movies
[-]21-04-2024 13:07:36 ReferenceError: MONGO_DB is not defined
[-]21-04-2024 13:08:38 Server started on port 3000
[*]21-04-2024 13:08:43 Incoming Request : GET /movies
[*]21-04-2024 13:09:13 Incoming Request : GET /movies/6624ab9822ed0816740d4827
[-]21-04-2024 13:12:55 Server started on port 3000
[-]21-04-2024 13:13:28 Server started on port 3000
[-]21-04-2024 13:13:55 Server started on port 3000
[-]21-04-2024 13:14:02 Server started on port 3000
[-]21-04-2024 13:29:53 Server started on port 3000
[-]21-04-2024 13:29:54 Server started on port 3000
[-]21-04-2024 13:29:57 Server started on port 3000
[-]21-04-2024 13:30:00 Server started on port 3000
[-]21-04-2024 13:30:02 Server started on port 3000
[-]21-04-2024 13:30:03 Server started on port 3000
[-]21-04-2024 13:30:05 Server started on port 3000
[-]21-04-2024 13:31:19 Server started on port 3000
[-]21-04-2024 13:31:23 Server started on port 3000
[-]21-04-2024 13:31:25 Server started on port 3000
[-]21-04-2024 13:31:35 Server started on port 3000
[-]21-04-2024 13:31:39 Server started on port 3000
[-]21-04-2024 13:31:42 Server started on port 3000
[-]21-04-2024 13:31:50 Server started on port 3000
[-]21-04-2024 13:32:07 Server started on port 3000
[-]21-04-2024 13:32:09 Server started on port 3000
[-]21-04-2024 13:32:17 Server started on port 3000
[-]21-04-2024 13:32:55 Server started on port 3000
[-]21-04-2024 13:33:01 Server started on port 3000
[-]21-04-2024 13:33:03 Server started on port 3000
[-]21-04-2024 13:33:06 Server started on port 3000
[-]21-04-2024 13:33:09 Server started on port 3000
[-]21-04-2024 13:33:12 Server started on port 3000
[-]21-04-2024 13:33:14 Server started on port 3000
[-]21-04-2024 13:33:48 Server started on port 3000
[-]21-04-2024 13:33:57 Server started on port 3000
[-]21-04-2024 13:34:03 Server started on port 3000
[-]21-04-2024 13:34:05 Server started on port 3000
[-]21-04-2024 13:34:40 Server started on port 3000
[-]21-04-2024 13:34:53 Server started on port 3000
[-]21-04-2024 13:35:23 Server started on port 3000
[-]21-04-2024 13:35:26 Server started on port 3000
[-]21-04-2024 13:35:44 Server started on port 3000
[-]21-04-2024 13:35:58 Server started on port 3000
[-]21-04-2024 13:36:49 Server started on port 3000
[*]21-04-2024 13:37:02 Incoming Request : GET /movies
[-]21-04-2024 13:37:49 Server started on port 3000
[-]21-04-2024 13:39:10 Server started on port 3000
[-]21-04-2024 13:39:12 Server started on port 3000
[-]21-04-2024 13:39:15 Server started on port 3000
[-]21-04-2024 13:40:10 Server started on port 3000
[-]21-04-2024 13:40:17 Server started on port 3000
[-]21-04-2024 13:40:34 Server started on port 3000
[-]21-04-2024 13:40:51 Server started on port 3000
[-]21-04-2024 13:40:55 Server started on port 3000
[-]21-04-2024 13:40:56 Server started on port 3000
[-]21-04-2024 13:41:11 Server started on port 3000
[-]21-04-2024 13:41:53 Server started on port 3000
[-]21-04-2024 13:41:58 Server started on port 3000
[-]21-04-2024 13:42:31 Server started on port 3000
[-]21-04-2024 13:42:36 Server started on port 3000
[-]21-04-2024 13:42:50 Server started on port 3000
[-]21-04-2024 13:42:53 Server started on port 3000
[-]21-04-2024 13:43:06 Server started on port 3000
[-]21-04-2024 13:43:10 Server started on port 3000
[-]21-04-2024 13:43:13 Server started on port 3000
[-]21-04-2024 13:43:18 Server started on port 3000
[*]21-04-2024 13:43:23 Incoming Request : GET /movies
[-]21-04-2024 13:43:58 Server started on port 3000
[-]21-04-2024 13:44:59 Server started on port 3000
[-]21-04-2024 13:45:04 Server started on port 3000
[-]21-04-2024 13:46:17 Server started on port 3000
[-]21-04-2024 13:46:21 Server started on port 3000
[-]21-04-2024 13:46:30 Server started on port 3000
[-]21-04-2024 13:46:38 Server started on port 3000
[-]21-04-2024 13:46:41 Server started on port 3000
[-]21-04-2024 13:46:42 Server started on port 3000
[*]21-04-2024 13:47:17 Incoming Request : GET /movies
[-]21-04-2024 13:50:29 Server started on port 3000
[-]21-04-2024 13:50:31 Server started on port 3000
[-]21-04-2024 13:50:33 Server started on port 3000
[-]21-04-2024 13:50:43 Server started on port 3000
[-]21-04-2024 13:50:48 Server started on port 3000
[-]21-04-2024 13:50:51 Server started on port 3000
[-]21-04-2024 13:51:04 Server started on port 3000
[-]21-04-2024 13:51:11 Server started on port 3000
[-]21-04-2024 13:51:13 Server started on port 3000
[-]21-04-2024 13:51:14 Server started on port 3000
[-]21-04-2024 13:51:15 Server started on port 3000
[-]21-04-2024 13:51:21 Server started on port 3000
[*]21-04-2024 13:51:32 Incoming Request : GET /movies
[+]21-04-2024 13:51:33 Mongo DB Connected...
[!]21-04-2024 13:51:33 Mongo DB Disconnected...
[-]21-04-2024 13:53:07 Server started on port 3000
[-]21-04-2024 13:53:19 Server started on port 3000
[-]21-04-2024 13:53:25 Server started on port 3000
[*]21-04-2024 13:53:41 Incoming Request : GET /movies
[+]21-04-2024 13:53:41 Mongo DB Connected...
[+]21-04-2024 13:53:41 Data was served...
[!]21-04-2024 13:53:41 Mongo DB Disconnected...
[-]21-04-2024 13:54:05 Server started on port 3000
[-]21-04-2024 13:54:07 Server started on port 3000
[-]21-04-2024 13:58:00 Server started on port 3000
[-]21-04-2024 13:58:02 Server started on port 3000
[-]21-04-2024 14:00:50 Server started on port 3000
[-]21-04-2024 14:00:52 Server started on port 3000
[-]21-04-2024 14:00:54 Server started on port 3000
[-]21-04-2024 14:01:20 Server started on port 3000
[-]21-04-2024 14:02:01 Server started on port 3000
[-]21-04-2024 14:02:03 Server started on port 3000
[-]21-04-2024 14:02:13 Server started on port 3000
[-]21-04-2024 14:02:20 Server started on port 3000
[-]21-04-2024 14:02:27 Server started on port 3000
[-]21-04-2024 14:02:46 Server started on port 3000
[-]21-04-2024 14:02:54 Server started on port 3000
[*]21-04-2024 14:03:09 Incoming Request : GET /movies
[+]21-04-2024 14:03:09 Mongo DB Connected...
[+]21-04-2024 14:03:09 Data Was Served...
[!]21-04-2024 14:03:09 Mongo DB Disconnected...
[*]21-04-2024 14:03:22 Incoming Request : GET /movies/6624aafd22ed0816740d4825
[+]21-04-2024 14:03:22 Mongo DB Connected...
[+]21-04-2024 14:03:22 Data Was Served...
[!]21-04-2024 14:03:22 Mongo DB Disconnected...
[*]21-04-2024 22:37:18 Incoming Request : GET /movies/6624aafd22ed0816740d4825
[+]21-04-2024 22:37:18 Mongo DB Connected...
[+]21-04-2024 22:37:18 Data Was Served...
[!]21-04-2024 22:37:18 Mongo DB Disconnected...