[-]24-04-2024 09:53:23 Server started on port 3000
[*]24-04-2024 09:55:00 Incoming Request : GET /movies/
[+]24-04-2024 09:55:00 Mongo DB Connected...
[+]24-04-2024 09:55:00 Data Was Served...
[!]24-04-2024 09:55:00 Mongo DB Disconnected...
[*]24-04-2024 09:56:20 Incoming Request : POST /movies/
[*]24-04-2024 09:58:28 Incoming Request : POST /movies
[-]24-04-2024 09:58:45 Server started on port 3000
[*]24-04-2024 09:58:49 Incoming Request : POST /movies/
[+]24-04-2024 09:58:49 Mongo DB Connected...
[+]24-04-2024 09:58:49 Data Was Served...
[!]24-04-2024 09:58:49 Mongo DB Disconnected...
[*]24-04-2024 10:45:57 Incoming Request : POST /movies/
[+]24-04-2024 10:45:57 Mongo DB Connected...
[+]24-04-2024 10:45:57 Data Was Served...
[!]24-04-2024 10:45:57 Mongo DB Disconnected...
[-]24-04-2024 10:46:25 Server started on port 3000
[-]24-04-2024 10:46:39 Server started on port 3000
[-]24-04-2024 10:46:51 Server started on port 3000
[-]24-04-2024 10:47:01 Server started on port 3000
[-]24-04-2024 10:47:07 Server started on port 3000
[-]24-04-2024 10:47:09 Server started on port 3000
[-]24-04-2024 10:47:11 Server started on port 3000
[-]24-04-2024 10:47:14 Server started on port 3000
[-]24-04-2024 10:47:17 Server started on port 3000
[-]24-04-2024 10:47:19 Server started on port 3000
[-]24-04-2024 10:47:25 Server started on port 3000
[-]24-04-2024 10:47:41 Server started on port 3000
[-]24-04-2024 10:47:47 Server started on port 3000
[-]24-04-2024 10:47:51 Server started on port 3000
[-]24-04-2024 10:47:52 Server started on port 3000
[-]24-04-2024 10:47:58 Server started on port 3000
[-]24-04-2024 10:48:02 Server started on port 3000
[-]24-04-2024 10:48:03 Server started on port 3000
[-]24-04-2024 10:48:21 Server started on port 3000
[-]24-04-2024 10:48:29 Server started on port 3000
[-]24-04-2024 10:49:43 Server started on port 3000
[-]24-04-2024 10:51:40 Server started on port 3000
[-]24-04-2024 10:51:47 Server started on port 3000
[-]24-04-2024 10:52:00 Server started on port 3000
[-]24-04-2024 10:52:09 Server started on port 3000
[*]24-04-2024 10:52:53 Incoming Request : POST /movies/6628958d1c451edc8d91078c
[-]24-04-2024 10:53:17 Server started on port 3000
[*]24-04-2024 10:53:25 Incoming Request : PUT /movies/6628958d1c451edc8d91078c
[+]24-04-2024 10:53:25 Mongo DB Connected...
[-]24-04-2024 10:53:25 MongoInvalidArgumentError: Update document requires atomic operators
[!]24-04-2024 10:53:25 Mongo DB Disconnected...
[-]24-04-2024 10:53:53 Server started on port 3000
[-]24-04-2024 10:53:59 Server started on port 3000
[-]24-04-2024 10:54:04 Server started on port 3000
[-]24-04-2024 10:54:12 Server started on port 3000
[-]24-04-2024 10:54:17 Server started on port 3000
[-]24-04-2024 10:54:29 Server started on port 3000
[-]24-04-2024 10:54:30 Server started on port 3000
[-]24-04-2024 10:54:31 Server started on port 3000
[*]24-04-2024 10:54:39 Incoming Request : PUT /movies/6628958d1c451edc8d91078c
[+]24-04-2024 10:54:39 Mongo DB Connected...
[+]24-04-2024 10:54:39 Data Was Served...
[!]24-04-2024 10:54:39 Mongo DB Disconnected...
[-]24-04-2024 10:56:15 Server started on port 3000
[*]24-04-2024 10:56:43 Incoming Request : POST /movies/
[+]24-04-2024 10:56:43 Mongo DB Connected...
[+]24-04-2024 10:56:43 Data Was Served...
[!]24-04-2024 10:56:43 Mongo DB Disconnected...
[-]24-04-2024 10:57:04 Server started on port 3000
[-]24-04-2024 10:57:08 Server started on port 3000
[-]24-04-2024 10:57:12 Server started on port 3000
[-]24-04-2024 10:57:18 Server started on port 3000
[*]24-04-2024 10:57:21 Incoming Request : POST /movies/
[+]24-04-2024 10:57:21 Mongo DB Connected...
[+]24-04-2024 10:57:21 Data Was Served...
[!]24-04-2024 10:57:21 Mongo DB Disconnected...
[-]24-04-2024 10:58:41 Server started on port 3000
[-]24-04-2024 10:58:59 Server started on port 3000
[-]24-04-2024 10:59:02 Server started on port 3000
[-]24-04-2024 10:59:11 Server started on port 3000
[-]24-04-2024 11:24:57 Server started on port 3000
[-]24-04-2024 11:25:07 Server started on port 3000
[*]24-04-2024 11:25:57 Incoming Request : PUT /movies/66289813cf5923b3498d96da
[+]24-04-2024 11:25:57 Mongo DB Connected...
[+]24-04-2024 11:25:57 Data Was Served...
[!]24-04-2024 11:25:57 Mongo DB Disconnected...
[*]24-04-2024 11:27:02 Incoming Request : PUT /movies/66289839b61e8e9fc1139a73
[+]24-04-2024 11:27:02 Mongo DB Connected...
[+]24-04-2024 11:27:02 Data Was Served...
[!]24-04-2024 11:27:02 Mongo DB Disconnected...
[*]24-04-2024 11:28:08 Incoming Request : GET /movies/66289839b61e8e9fc1139a73
[+]24-04-2024 11:28:08 Mongo DB Connected...
[+]24-04-2024 11:28:08 Data Was Served...
[!]24-04-2024 11:28:08 Mongo DB Disconnected...
[-]24-04-2024 11:32:37 Server started on port 3000
[-]24-04-2024 11:32:42 Server started on port 3000
[-]24-04-2024 11:33:03 Server started on port 3000
[*]24-04-2024 11:33:15 Incoming Request : PATCH /movies/66289839b61e8e9fc1139a73
[+]24-04-2024 11:33:15 Mongo DB Connected...
[+]24-04-2024 11:33:15 Data Was Served...
[!]24-04-2024 11:33:15 Mongo DB Disconnected...
[-]24-04-2024 11:33:45 Server started on port 3000
[-]24-04-2024 11:33:55 Server started on port 3000
[-]24-04-2024 11:33:59 Server started on port 3000
[-]24-04-2024 11:34:00 Server started on port 3000
[-]24-04-2024 11:34:02 Server started on port 3000
[-]24-04-2024 11:34:07 Server started on port 3000
[-]24-04-2024 11:37:12 Server started on port 3000
[*]24-04-2024 11:38:06 Incoming Request : DELETE /movies/66288a811c451edc8d91078b
[+]24-04-2024 11:38:06 Mongo DB Connected...
[+]24-04-2024 11:38:06 Data Was Served...
[!]24-04-2024 11:38:06 Mongo DB Disconnected...
[-]24-04-2024 11:38:40 Server started on port 3000
[-]24-04-2024 15:33:14 Server started on port 3000
[-]24-04-2024 15:49:05 Server started on port 3000
[-]24-04-2024 15:49:33 Server started on port 3000
[-]24-04-2024 15:50:51 Server started on port 3000
[-]24-04-2024 15:50:55 Server started on port 3000
[-]24-04-2024 15:50:56 Server started on port 3000
[-]24-04-2024 15:51:19 Server started on port 3000
[-]24-04-2024 15:51:21 Server started on port 3000
[-]24-04-2024 15:51:23 Server started on port 3000
[-]24-04-2024 15:51:27 Server started on port 3000
[-]24-04-2024 15:51:45 Server started on port 3000
[-]24-04-2024 15:51:55 Server started on port 3000
[-]24-04-2024 15:51:57 Server started on port 3000
[-]24-04-2024 15:51:58 Server started on port 3000
[-]24-04-2024 15:52:00 Server started on port 3000
[-]24-04-2024 15:52:06 Server started on port 3000
[-]24-04-2024 15:52:08 Server started on port 3000
[-]24-04-2024 15:52:10 Server started on port 3000
[-]24-04-2024 15:52:13 Server started on port 3000
[-]24-04-2024 15:52:17 Server started on port 3000
[-]24-04-2024 15:52:23 Server started on port 3000
[-]24-04-2024 15:52:30 Server started on port 3000
[-]24-04-2024 15:52:32 Server started on port 3000
[-]24-04-2024 15:52:34 Server started on port 3000
[-]24-04-2024 15:52:36 Server started on port 3000
[-]24-04-2024 15:52:55 Server started on port 3000
[-]24-04-2024 15:52:57 Server started on port 3000
[-]24-04-2024 15:53:00 Server started on port 3000
[-]24-04-2024 15:53:05 Server started on port 3000
[-]24-04-2024 15:53:11 Server started on port 3000
[-]24-04-2024 15:53:13 Server started on port 3000
[-]24-04-2024 15:53:18 Server started on port 3000
[-]24-04-2024 15:53:31 Server started on port 3000
[-]24-04-2024 15:53:38 Server started on port 3000
[-]24-04-2024 15:53:45 Server started on port 3000
[-]24-04-2024 15:53:51 Server started on port 3000
[-]24-04-2024 15:53:54 Server started on port 3000
[-]24-04-2024 15:54:00 Server started on port 3000
[-]24-04-2024 15:54:10 Server started on port 3000
[-]24-04-2024 15:54:14 Server started on port 3000
[-]24-04-2024 15:54:18 Server started on port 3000
[-]24-04-2024 15:54:24 Server started on port 3000
[-]24-04-2024 15:54:26 Server started on port 3000
[-]24-04-2024 15:54:30 Server started on port 3000
[-]24-04-2024 15:54:31 Server started on port 3000
[-]24-04-2024 15:55:30 Server started on port 3000
[-]24-04-2024 15:55:38 Server started on port 3000
[-]24-04-2024 15:56:27 Server started on port 3000
[-]24-04-2024 15:56:37 Server started on port 3000
[-]24-04-2024 15:56:53 Server started on port 3000
[-]24-04-2024 15:56:56 Server started on port 3000
[-]24-04-2024 15:57:05 Server started on port 3000
[-]24-04-2024 15:57:19 Server started on port 3000
[-]24-04-2024 15:57:21 Server started on port 3000
[-]24-04-2024 15:57:30 Server started on port 3000
[-]24-04-2024 15:57:34 Server started on port 3000
[-]24-04-2024 15:57:37 Server started on port 3000
[*]24-04-2024 15:58:46 Incoming Request : GET /
[*]24-04-2024 15:58:46 Incoming Request : GET /favicon.ico
[*]24-04-2024 15:58:54 Incoming Request : GET /
[*]24-04-2024 15:59:06 Incoming Request : GET /index
[*]24-04-2024 15:59:14 Incoming Request : GET /login
[*]24-04-2024 15:59:19 Incoming Request : GET /signup
[*]24-04-2024 15:59:28 Incoming Request : GET /movies
[+]24-04-2024 15:59:28 Mongo DB Connected...
[+]24-04-2024 15:59:28 Data Was Served...
[!]24-04-2024 15:59:28 Mongo DB Disconnected...
[-]24-04-2024 16:16:07 Server started on port 3000
[*]24-04-2024 16:16:12 Incoming Request : GET /
[*]24-04-2024 16:28:16 Incoming Request : GET /
[*]24-04-2024 16:29:28 Incoming Request : GET /
[*]24-04-2024 16:31:24 Incoming Request : GET /
[*]24-04-2024 16:35:06 Incoming Request : GET /
[*]24-04-2024 16:46:22 Incoming Request : GET /
[*]24-04-2024 16:49:51 Incoming Request : GET /
[*]24-04-2024 16:51:20 Incoming Request : GET /
[*]24-04-2024 16:51:30 Incoming Request : GET /
[*]24-04-2024 16:51:38 Incoming Request : GET /
[*]24-04-2024 16:51:45 Incoming Request : GET /
[*]24-04-2024 16:52:43 Incoming Request : GET /
[*]24-04-2024 16:52:51 Incoming Request : GET /
[*]24-04-2024 16:56:22 Incoming Request : GET /
[*]24-04-2024 16:56:42 Incoming Request : GET /
[*]24-04-2024 16:56:48 Incoming Request : GET /
[*]24-04-2024 16:57:21 Incoming Request : GET /
[*]24-04-2024 16:57:23 Incoming Request : GET /
[*]24-04-2024 16:57:23 Incoming Request : GET /
[*]24-04-2024 16:57:24 Incoming Request : GET /
[*]24-04-2024 16:57:24 Incoming Request : GET /
[*]24-04-2024 16:57:24 Incoming Request : GET /
[*]24-04-2024 16:57:24 Incoming Request : GET /
[*]24-04-2024 16:57:25 Incoming Request : GET /
[*]24-04-2024 16:57:35 Incoming Request : GET /
[*]24-04-2024 16:57:36 Incoming Request : GET /
[*]24-04-2024 16:57:36 Incoming Request : GET /
[*]24-04-2024 16:57:36 Incoming Request : GET /
[*]24-04-2024 16:57:36 Incoming Request : GET /
[*]24-04-2024 16:57:36 Incoming Request : GET /
[*]24-04-2024 16:57:53 Incoming Request : GET /
[*]24-04-2024 16:57:54 Incoming Request : GET /
[*]24-04-2024 16:57:54 Incoming Request : GET /
[*]24-04-2024 16:58:17 Incoming Request : GET /
[*]24-04-2024 16:58:32 Incoming Request : GET /
[*]24-04-2024 16:58:33 Incoming Request : GET /
[*]24-04-2024 16:58:33 Incoming Request : GET /
[*]24-04-2024 16:58:33 Incoming Request : GET /
[*]24-04-2024 16:58:33 Incoming Request : GET /
[*]24-04-2024 17:00:02 Incoming Request : GET /
[*]24-04-2024 17:00:12 Incoming Request : GET /
[*]24-04-2024 17:00:32 Incoming Request : GET /
[*]24-04-2024 17:00:33 Incoming Request : GET /
[*]24-04-2024 17:00:33 Incoming Request : GET /
[*]24-04-2024 17:00:34 Incoming Request : GET /
[*]24-04-2024 17:00:38 Incoming Request : GET /
[*]24-04-2024 17:00:44 Incoming Request : GET /
[*]24-04-2024 17:00:49 Incoming Request : GET /
[*]24-04-2024 17:00:50 Incoming Request : GET /
[*]24-04-2024 17:00:51 Incoming Request : GET /
[*]24-04-2024 17:00:56 Incoming Request : GET /
[*]24-04-2024 17:00:57 Incoming Request : GET /
[*]24-04-2024 17:00:57 Incoming Request : GET /
[*]24-04-2024 17:00:57 Incoming Request : GET /
[*]24-04-2024 17:00:57 Incoming Request : GET /
[*]24-04-2024 17:01:02 Incoming Request : GET /
[*]24-04-2024 17:01:18 Incoming Request : GET /
[*]24-04-2024 17:01:23 Incoming Request : GET /
[*]24-04-2024 17:01:28 Incoming Request : GET /
[-]24-04-2024 17:37:31 Server started on port 3000
[-]24-04-2024 17:37:45 Server started on port 3000
[-]24-04-2024 17:37:49 Server started on port 3000
[-]24-04-2024 17:37:52 Server started on port 3000
[-]24-04-2024 17:37:54 Server started on port 3000
[-]24-04-2024 17:38:01 Server started on port 3000
[-]24-04-2024 17:38:05 Server started on port 3000
[-]24-04-2024 17:38:07 Server started on port 3000
[-]24-04-2024 17:38:27 Server started on port 3000
[-]24-04-2024 17:38:46 Server started on port 3000
[*]24-04-2024 17:40:36 Incoming Request : GET /
[*]24-04-2024 17:41:44 Incoming Request : GET /
[*]24-04-2024 17:42:10 Incoming Request : GET /
[*]24-04-2024 17:43:37 Incoming Request : GET /
[*]24-04-2024 17:43:45 Incoming Request : GET /
[*]24-04-2024 17:43:46 Incoming Request : GET /
[*]24-04-2024 17:43:47 Incoming Request : GET /
[*]24-04-2024 17:43:47 Incoming Request : GET /
[*]24-04-2024 17:43:47 Incoming Request : GET /
[*]24-04-2024 17:43:47 Incoming Request : GET /
[*]24-04-2024 17:43:49 Incoming Request : GET /
[*]24-04-2024 17:43:49 Incoming Request : GET /
[*]24-04-2024 17:43:50 Incoming Request : GET /
[*]24-04-2024 17:43:50 Incoming Request : GET /
[*]24-04-2024 17:43:50 Incoming Request : GET /
[*]24-04-2024 17:43:50 Incoming Request : GET /
[*]24-04-2024 17:43:50 Incoming Request : GET /
[*]24-04-2024 17:44:13 Incoming Request : GET /
[*]24-04-2024 17:44:13 Incoming Request : GET /
[*]24-04-2024 17:44:13 Incoming Request : GET /
[*]24-04-2024 17:44:28 Incoming Request : GET /
[*]24-04-2024 17:44:39 Incoming Request : GET /
[*]24-04-2024 17:44:47 Incoming Request : GET /
[*]24-04-2024 17:45:01 Incoming Request : GET /
[-]24-04-2024 17:50:52 Server started on port 3000
[-]24-04-2024 17:50:56 Server started on port 3000
[-]24-04-2024 17:51:02 Server started on port 3000
[*]24-04-2024 17:51:29 Incoming Request : GET /
[*]24-04-2024 17:51:42 Incoming Request : GET /index
[*]24-04-2024 17:51:44 Incoming Request : GET /index
[*]24-04-2024 17:51:53 Incoming Request : GET /
[*]24-04-2024 17:52:21 Incoming Request : GET /
[*]24-04-2024 17:57:29 Incoming Request : GET /
[*]24-04-2024 17:57:36 Incoming Request : GET /
[*]24-04-2024 17:57:36 Incoming Request : GET /
[*]24-04-2024 17:57:36 Incoming Request : GET /
[*]24-04-2024 17:57:36 Incoming Request : GET /
[*]24-04-2024 17:57:37 Incoming Request : GET /
[*]24-04-2024 17:57:51 Incoming Request : GET /
[*]24-04-2024 17:57:52 Incoming Request : GET /
[*]24-04-2024 17:57:52 Incoming Request : GET /
[*]24-04-2024 17:57:52 Incoming Request : GET /
[*]24-04-2024 17:58:00 Incoming Request : GET /
[*]24-04-2024 17:58:10 Incoming Request : GET /
[*]24-04-2024 17:58:11 Incoming Request : GET /
[*]24-04-2024 17:58:16 Incoming Request : GET /
[*]24-04-2024 17:58:16 Incoming Request : GET /
[*]24-04-2024 17:58:16 Incoming Request : GET /
[*]24-04-2024 17:58:16 Incoming Request : GET /
[*]24-04-2024 17:58:17 Incoming Request : GET /
[*]24-04-2024 17:58:17 Incoming Request : GET /
[*]24-04-2024 18:01:25 Incoming Request : GET /
[*]24-04-2024 18:01:58 Incoming Request : GET /
[-]24-04-2024 18:10:03 Server started on port 3000
[-]24-04-2024 18:10:18 Server started on port 3000
[-]24-04-2024 18:10:22 Server started on port 3000
[-]24-04-2024 18:10:26 Server started on port 3000
[-]24-04-2024 18:10:28 Server started on port 3000
[-]24-04-2024 18:10:32 Server started on port 3000
[-]24-04-2024 18:10:34 Server started on port 3000
[-]24-04-2024 18:10:41 Server started on port 3000
[-]24-04-2024 18:10:46 Server started on port 3000
[-]24-04-2024 18:10:49 Server started on port 3000
[-]24-04-2024 18:10:51 Server started on port 3000
[-]24-04-2024 18:10:53 Server started on port 3000
[-]24-04-2024 18:10:55 Server started on port 3000
[-]24-04-2024 18:11:01 Server started on port 3000
[-]24-04-2024 18:11:05 Server started on port 3000
[-]24-04-2024 18:11:08 Server started on port 3000
[-]24-04-2024 18:11:11 Server started on port 3000
[-]24-04-2024 18:11:13 Server started on port 3000
[-]24-04-2024 18:11:17 Server started on port 3000
[-]24-04-2024 18:11:19 Server started on port 3000
[-]24-04-2024 18:11:21 Server started on port 3000
[-]24-04-2024 18:11:23 Server started on port 3000
[-]24-04-2024 18:11:26 Server started on port 3000
[-]24-04-2024 18:11:30 Server started on port 3000
[-]24-04-2024 18:11:35 Server started on port 3000
[*]24-04-2024 18:11:47 Incoming Request : GET /
[*]24-04-2024 18:11:49 Incoming Request : GET /
[*]24-04-2024 18:11:51 Incoming Request : GET /
[*]24-04-2024 18:11:53 Incoming Request : GET /
[*]24-04-2024 18:11:55 Incoming Request : GET /
[-]24-04-2024 18:12:46 Server started on port 3000
[*]24-04-2024 18:13:51 Incoming Request : GET /
[*]24-04-2024 18:13:54 Incoming Request : GET /
[*]24-04-2024 18:13:57 Incoming Request : GET /
[*]24-04-2024 18:13:58 Incoming Request : GET /
[-]24-04-2024 18:14:41 Server started on port 3000
[-]24-04-2024 18:14:45 Server started on port 3000
[-]24-04-2024 18:14:49 Server started on port 3000
[-]24-04-2024 18:14:54 Server started on port 3000
[-]24-04-2024 18:14:56 Server started on port 3000
[-]24-04-2024 18:14:58 Server started on port 3000
[-]24-04-2024 18:15:06 Server started on port 3000
[-]24-04-2024 18:15:09 Server started on port 3000
[-]24-04-2024 18:15:11 Server started on port 3000
[*]24-04-2024 18:15:12 Incoming Request : GET /
[*]24-04-2024 18:15:16 Incoming Request : GET /
[*]24-04-2024 18:15:24 Incoming Request : GET /
[*]24-04-2024 18:18:37 Incoming Request : GET /
[*]24-04-2024 18:18:39 Incoming Request : GET /
[*]24-04-2024 18:18:41 Incoming Request : GET /
[*]24-04-2024 18:18:41 Incoming Request : GET /
[*]24-04-2024 18:18:42 Incoming Request : GET /
[*]24-04-2024 18:18:42 Incoming Request : GET /
[*]24-04-2024 18:18:43 Incoming Request : GET /
[*]24-04-2024 18:19:33 Incoming Request : GET /
[*]24-04-2024 18:19:35 Incoming Request : GET /
[*]24-04-2024 18:19:36 Incoming Request : GET /
[*]24-04-2024 18:19:36 Incoming Request : GET /
[*]24-04-2024 18:19:37 Incoming Request : GET /
[*]24-04-2024 18:19:37 Incoming Request : GET /
[*]24-04-2024 18:19:38 Incoming Request : GET /
[-]24-04-2024 18:22:23 Server started on port 3000
[-]24-04-2024 18:22:30 Server started on port 3000
[-]24-04-2024 18:22:32 Server started on port 3000
[-]24-04-2024 18:22:38 Server started on port 3000
[-]24-04-2024 18:22:43 Server started on port 3000
[-]24-04-2024 18:22:48 Server started on port 3000
[-]24-04-2024 18:22:55 Server started on port 3000
[-]24-04-2024 18:22:57 Server started on port 3000
[-]24-04-2024 18:22:58 Server started on port 3000
[-]24-04-2024 18:23:02 Server started on port 3000
[-]24-04-2024 18:27:03 Server started on port 3000
[-]24-04-2024 18:27:08 Server started on port 3000
[-]24-04-2024 18:27:11 Server started on port 3000
[-]24-04-2024 18:27:13 Server started on port 3000
[-]24-04-2024 18:27:14 Server started on port 3000
[-]24-04-2024 18:27:18 Server started on port 3000
[-]24-04-2024 18:27:19 Server started on port 3000
[-]24-04-2024 18:27:24 Server started on port 3000
[-]24-04-2024 18:27:27 Server started on port 3000
[-]24-04-2024 18:27:39 Server started on port 3000
[-]24-04-2024 18:27:41 Server started on port 3000
[-]24-04-2024 18:27:45 Server started on port 3000
[-]24-04-2024 18:27:46 Server started on port 3000
[-]24-04-2024 18:27:59 Server started on port 3000
[*]24-04-2024 18:28:24 Incoming Request : GET /
[-]24-04-2024 18:28:54 Server started on port 3000
[-]24-04-2024 18:30:25 Server started on port 3000
[*]24-04-2024 18:30:57 Incoming Request : GET /
[*]24-04-2024 18:31:04 Incoming Request : GET /
[*]24-04-2024 18:31:07 Incoming Request : GET /
[*]24-04-2024 18:31:12 Incoming Request : GET /
[*]24-04-2024 18:31:17 Incoming Request : GET /
[-]24-04-2024 18:31:45 Server started on port 3000
[-]24-04-2024 18:31:50 Server started on port 3000
[-]24-04-2024 18:31:52 Server started on port 3000
[-]24-04-2024 18:44:09 Server started on port 3000
[-]24-04-2024 18:44:11 Server started on port 3000
[-]24-04-2024 18:44:31 Server started on port 3000
[-]24-04-2024 18:44:37 Server started on port 3000
[-]24-04-2024 18:44:44 Server started on port 3000
[-]24-04-2024 18:44:49 Server started on port 3000
[-]24-04-2024 18:44:51 Server started on port 3000
[-]24-04-2024 18:45:13 Server started on port 3000
[-]24-04-2024 18:59:47 Server started on port 3000
[-]24-04-2024 19:00:03 Server started on port 3000
[-]24-04-2024 19:02:56 Server started on port 3000
[-]24-04-2024 19:02:59 Server started on port 3000
[-]24-04-2024 19:03:11 Server started on port 3000
[-]24-04-2024 19:03:15 Server started on port 3000
[-]24-04-2024 19:03:29 Server started on port 3000
[-]24-04-2024 19:03:35 Server started on port 3000
[-]24-04-2024 19:03:40 Server started on port 3000
[-]24-04-2024 19:03:45 Server started on port 3000
[-]24-04-2024 19:03:48 Server started on port 3000
[-]24-04-2024 19:03:50 Server started on port 3000
[-]24-04-2024 19:03:51 Server started on port 3000
[-]24-04-2024 19:03:54 Server started on port 3000
[-]24-04-2024 19:03:56 Server started on port 3000
[-]24-04-2024 19:03:58 Server started on port 3000
[-]24-04-2024 19:04:02 Server started on port 3000
[-]24-04-2024 19:04:25 Server started on port 3000
[-]24-04-2024 19:04:32 Server started on port 3000
[-]24-04-2024 19:04:34 Server started on port 3000
[-]24-04-2024 19:04:38 Server started on port 3000
[-]24-04-2024 19:04:55 Server started on port 3000
[-]24-04-2024 19:05:00 Server started on port 3000
[-]24-04-2024 19:05:01 Server started on port 3000
[-]24-04-2024 19:05:10 Server started on port 3000
[-]24-04-2024 19:05:13 Server started on port 3000
[-]24-04-2024 19:05:26 Server started on port 3000
[-]24-04-2024 19:05:29 Server started on port 3000
[-]24-04-2024 19:05:30 Server started on port 3000
[-]24-04-2024 19:05:32 Server started on port 3000
[-]24-04-2024 19:05:33 Server started on port 3000
[-]24-04-2024 19:05:35 Server started on port 3000
[-]24-04-2024 19:05:40 Server started on port 3000
[-]24-04-2024 19:05:41 Server started on port 3000
[-]24-04-2024 19:05:43 Server started on port 3000
[-]24-04-2024 19:17:03 Server started on port 3000
[-]24-04-2024 19:17:06 Server started on port 3000
[-]24-04-2024 19:17:09 Server started on port 3000
[-]24-04-2024 19:17:15 Server started on port 3000
[-]24-04-2024 19:17:16 Server started on port 3000
[-]24-04-2024 19:17:21 Server started on port 3000
[-]24-04-2024 19:17:28 Server started on port 3000
[-]24-04-2024 19:17:35 Server started on port 3000
[-]24-04-2024 19:17:37 Server started on port 3000
[-]24-04-2024 19:17:39 Server started on port 3000
[-]24-04-2024 19:19:03 Server started on port 3000
[-]24-04-2024 23:30:32 Server started on port 3000
[-]24-04-2024 23:30:34 Server started on port 3000
[-]24-04-2024 23:30:36 Server started on port 3000
[-]24-04-2024 23:30:38 Server started on port 3000
[*]24-04-2024 23:33:37 Incoming Request : GET /
[*]24-04-2024 23:34:48 Incoming Request : GET /
[-]24-04-2024 23:35:47 Server started on port 3000
[*]24-04-2024 23:35:48 Incoming Request : GET /
[-]24-04-2024 23:36:29 Server started on port 3000
[-]24-04-2024 23:36:50 Server started on port 3000
[-]24-04-2024 23:36:57 Server started on port 3000
[-]24-04-2024 23:36:59 Server started on port 3000
[*]24-04-2024 23:37:00 Incoming Request : GET /
[*]24-04-2024 23:37:27 Incoming Request : POST /user/token
[-]24-04-2024 23:37:34 Server started on port 3000
[-]24-04-2024 23:37:50 Server started on port 3000
[-]24-04-2024 23:37:51 Server started on port 3000
[-]24-04-2024 23:37:53 Server started on port 3000
[-]24-04-2024 23:37:55 Server started on port 3000
[-]24-04-2024 23:37:58 Server started on port 3000
[*]24-04-2024 23:38:01 Incoming Request : GET /
[-]24-04-2024 23:39:01 Server started on port 3000
[-]24-04-2024 23:41:12 Server started on port 3000
[-]24-04-2024 23:41:18 Server started on port 3000
[*]24-04-2024 23:41:59 Incoming Request : GET /
[*]24-04-2024 23:42:07 Incoming Request : POST /user/token
[-]24-04-2024 23:42:32 Server started on port 3000
[*]24-04-2024 23:42:32 Incoming Request : POST /user/token
[*]24-04-2024 23:42:34 Incoming Request : POST /user/token
[*]24-04-2024 23:43:28 Incoming Request : POST /user/token
[-]24-04-2024 23:43:44 Server started on port 3000
[*]24-04-2024 23:43:55 Incoming Request : POST /user/token
[*]24-04-2024 23:43:59 Incoming Request : GET /
[*]24-04-2024 23:44:08 Incoming Request : POST /user/token
[-]24-04-2024 23:45:04 Server started on port 3000
[*]24-04-2024 23:45:53 Incoming Request : POST /user/token
[-]24-04-2024 23:47:09 Server started on port 3000
[*]24-04-2024 23:47:11 Incoming Request : GET /
[*]24-04-2024 23:47:24 Incoming Request : POST /user/token