[-]25-04-2024 00:03:10 Server started on port 3000
[-]25-04-2024 00:09:33 Server started on port 3000
[-]25-04-2024 00:09:50 Server started on port 3000
[-]25-04-2024 00:10:04 Server started on port 3000
[-]25-04-2024 00:10:07 Server started on port 3000
[-]25-04-2024 00:10:10 Server started on port 3000
[-]25-04-2024 00:10:16 Server started on port 3000
[-]25-04-2024 00:10:20 Server started on port 3000
[-]25-04-2024 00:10:29 Server started on port 3000
[-]25-04-2024 00:10:30 Server started on port 3000
[-]25-04-2024 00:10:35 Server started on port 3000
[-]25-04-2024 00:25:55 Server started on port 3000
[-]25-04-2024 00:25:59 Server started on port 3000
[-]25-04-2024 00:26:02 Server started on port 3000
[-]25-04-2024 00:26:07 Server started on port 3000
[-]25-04-2024 00:26:09 Server started on port 3000
[-]25-04-2024 00:26:18 Server started on port 3000
[-]25-04-2024 00:26:27 Server started on port 3000
[-]25-04-2024 00:26:29 Server started on port 3000
[-]25-04-2024 00:26:35 Server started on port 3000
[-]25-04-2024 00:26:43 Server started on port 3000
[-]25-04-2024 00:26:47 Server started on port 3000
[-]25-04-2024 00:26:51 Server started on port 3000
[-]25-04-2024 00:26:58 Server started on port 3000
[-]25-04-2024 00:27:07 Server started on port 3000
[-]25-04-2024 00:27:09 Server started on port 3000
[-]25-04-2024 00:27:12 Server started on port 3000
[-]25-04-2024 00:27:14 Server started on port 3000
[-]25-04-2024 00:27:21 Server started on port 3000
[-]25-04-2024 00:27:28 Server started on port 3000
[-]25-04-2024 00:27:31 Server started on port 3000
[-]25-04-2024 00:27:33 Server started on port 3000
[-]25-04-2024 00:27:36 Server started on port 3000
[-]25-04-2024 00:27:44 Server started on port 3000
[-]25-04-2024 00:27:47 Server started on port 3000
[-]25-04-2024 00:27:49 Server started on port 3000
[-]25-04-2024 00:27:51 Server started on port 3000
[-]25-04-2024 00:27:59 Server started on port 3000
[-]25-04-2024 00:28:03 Server started on port 3000
[-]25-04-2024 00:28:07 Server started on port 3000
[-]25-04-2024 00:28:14 Server started on port 3000
[-]25-04-2024 00:28:22 Server started on port 3000
[-]25-04-2024 00:28:34 Server started on port 3000
[-]25-04-2024 00:28:52 Server started on port 3000
[-]25-04-2024 00:28:57 Server started on port 3000
[-]25-04-2024 00:29:02 Server started on port 3000
[-]25-04-2024 00:29:06 Server started on port 3000
[-]25-04-2024 00:29:16 Server started on port 3000
[-]25-04-2024 00:29:22 Server started on port 3000
[-]25-04-2024 00:29:36 Server started on port 3000
[-]25-04-2024 00:29:44 Server started on port 3000
[-]25-04-2024 00:29:46 Server started on port 3000
[-]25-04-2024 00:30:07 Server started on port 3000
[-]25-04-2024 00:30:20 Server started on port 3000
[-]25-04-2024 00:30:22 Server started on port 3000
[-]25-04-2024 00:30:31 Server started on port 3000
[-]25-04-2024 00:30:35 Server started on port 3000
[-]25-04-2024 00:30:42 Server started on port 3000
[-]25-04-2024 00:31:02 Server started on port 3000
[-]25-04-2024 00:31:13 Server started on port 3000
[-]25-04-2024 00:31:15 Server started on port 3000
[-]25-04-2024 00:31:27 Server started on port 3000
[-]25-04-2024 00:31:28 Server started on port 3000
[-]25-04-2024 00:31:34 Server started on port 3000
[-]25-04-2024 00:31:59 Server started on port 3000
[-]25-04-2024 00:32:04 Server started on port 3000
[-]25-04-2024 00:32:08 Server started on port 3000
[-]25-04-2024 00:32:10 Server started on port 3000
[-]25-04-2024 00:32:12 Server started on port 3000
[-]25-04-2024 00:32:17 Server started on port 3000
[-]25-04-2024 00:32:20 Server started on port 3000
[-]25-04-2024 00:32:24 Server started on port 3000
[-]25-04-2024 00:32:36 Server started on port 3000
[-]25-04-2024 00:32:37 Server started on port 3000
[-]25-04-2024 00:32:42 Server started on port 3000
[-]25-04-2024 00:34:44 Server started on port 3000
[-]25-04-2024 00:34:50 Server started on port 3000
[-]25-04-2024 00:34:58 Server started on port 3000
[-]25-04-2024 00:35:01 Server started on port 3000
[-]25-04-2024 00:36:10 Server started on port 3000
[-]25-04-2024 00:36:11 Server started on port 3000
[-]25-04-2024 00:36:13 Server started on port 3000
[-]25-04-2024 00:36:16 Server started on port 3000
[-]25-04-2024 00:36:21 Server started on port 3000
[-]25-04-2024 00:36:23 Server started on port 3000
[-]25-04-2024 00:36:30 Server started on port 3000
[-]25-04-2024 00:36:37 Server started on port 3000
[-]25-04-2024 00:36:49 Server started on port 3000
[-]25-04-2024 00:36:51 Server started on port 3000
[-]25-04-2024 00:38:06 Server started on port 3000
[-]25-04-2024 00:38:17 Server started on port 3000
[-]25-04-2024 00:38:25 Server started on port 3000
[-]25-04-2024 00:38:30 Server started on port 3000
[-]25-04-2024 00:38:38 Server started on port 3000
[-]25-04-2024 00:38:41 Server started on port 3000
[-]25-04-2024 00:38:44 Server started on port 3000
[-]25-04-2024 00:38:49 Server started on port 3000
[-]25-04-2024 00:39:01 Server started on port 3000
[-]25-04-2024 00:39:05 Server started on port 3000
[-]25-04-2024 00:39:33 Server started on port 3000
[-]25-04-2024 00:39:39 Server started on port 3000
[-]25-04-2024 00:39:41 Server started on port 3000
[-]25-04-2024 00:39:45 Server started on port 3000
[-]25-04-2024 00:39:51 Server started on port 3000
[-]25-04-2024 00:40:00 Server started on port 3000
[-]25-04-2024 00:40:01 Server started on port 3000
[-]25-04-2024 00:40:04 Server started on port 3000
[-]25-04-2024 00:40:14 Server started on port 3000
[*]25-04-2024 00:45:29 Incoming Request : GET /
[*]25-04-2024 00:45:45 Incoming Request : POST /user/token
[*]25-04-2024 00:45:45 Incoming Request : GET /dashboard
[*]25-04-2024 00:48:29 Incoming Request : GET /dashboard
[*]25-04-2024 00:48:54 Incoming Request : GET /dashboard
[*]25-04-2024 00:49:01 Incoming Request : POST /user/token
[*]25-04-2024 00:49:03 Incoming Request : POST /user/token
[*]25-04-2024 00:49:03 Incoming Request : POST /user/token
[*]25-04-2024 00:49:03 Incoming Request : POST /user/token
[*]25-04-2024 00:49:04 Incoming Request : POST /user/token
[*]25-04-2024 00:49:04 Incoming Request : POST /user/token
[*]25-04-2024 00:49:18 Incoming Request : GET /
[*]25-04-2024 00:49:32 Incoming Request : GET /
[*]25-04-2024 00:49:41 Incoming Request : POST /user/token
[*]25-04-2024 00:49:41 Incoming Request : GET /dashboard
[*]25-04-2024 00:49:45 Incoming Request : GET /dashboard
[*]25-04-2024 00:49:56 Incoming Request : POST /user/token
[*]25-04-2024 00:49:57 Incoming Request : POST /user/token
[*]25-04-2024 00:49:58 Incoming Request : POST /user/token
[*]25-04-2024 00:49:58 Incoming Request : POST /user/token
[*]25-04-2024 00:49:58 Incoming Request : POST /user/token
[*]25-04-2024 00:50:06 Incoming Request : POST /user/token
[-]25-04-2024 00:50:47 Server started on port 3000
[*]25-04-2024 00:50:47 Incoming Request : POST /user/token
[*]25-04-2024 00:50:47 Incoming Request : POST /user/token
[*]25-04-2024 00:50:47 Incoming Request : POST /user/token
[*]25-04-2024 00:50:47 Incoming Request : POST /user/token
[*]25-04-2024 00:50:47 Incoming Request : POST /user/token
[*]25-04-2024 00:52:25 Incoming Request : GET /
[*]25-04-2024 00:52:35 Incoming Request : POST /user/token
[*]25-04-2024 00:52:38 Incoming Request : POST /user/token
[*]25-04-2024 00:52:39 Incoming Request : POST /user/token
[*]25-04-2024 00:52:40 Incoming Request : POST /user/token
[*]25-04-2024 00:52:53 Incoming Request : POST /user/token
[*]25-04-2024 00:52:53 Incoming Request : GET /dashboard
[*]25-04-2024 01:12:19 Incoming Request : GET /
[*]25-04-2024 01:12:25 Incoming Request : POST /user/token
[-]25-04-2024 01:12:55 Server started on port 3000
[-]25-04-2024 10:51:52 Server started on port 3000
[-]25-04-2024 10:51:54 Server started on port 3000
[-]25-04-2024 10:51:56 Server started on port 3000
[-]25-04-2024 10:52:06 Server started on port 3000
[-]25-04-2024 10:52:08 Server started on port 3000
[-]25-04-2024 10:52:10 Server started on port 3000
[*]25-04-2024 10:52:23 Incoming Request : GET /
[*]25-04-2024 10:52:41 Incoming Request : GET /
[*]25-04-2024 10:52:47 Incoming Request : POST /user/token
[*]25-04-2024 10:54:49 Incoming Request : POST /user/token
[*]25-04-2024 10:54:50 Incoming Request : POST /user/token
[*]25-04-2024 10:54:50 Incoming Request : POST /user/token
[*]25-04-2024 10:54:50 Incoming Request : POST /user/token
[*]25-04-2024 10:54:51 Incoming Request : POST /user/token
[*]25-04-2024 10:54:51 Incoming Request : POST /user/token
[*]25-04-2024 10:54:51 Incoming Request : POST /user/token
[*]25-04-2024 10:54:52 Incoming Request : GET /
[*]25-04-2024 10:54:59 Incoming Request : POST /user/token
[*]25-04-2024 10:55:00 Incoming Request : POST /user/token
[*]25-04-2024 10:55:00 Incoming Request : POST /user/token
[*]25-04-2024 10:55:01 Incoming Request : POST /user/token
[*]25-04-2024 10:55:01 Incoming Request : POST /user/token
[*]25-04-2024 10:55:01 Incoming Request : POST /user/token
[*]25-04-2024 10:55:01 Incoming Request : POST /user/token
[*]25-04-2024 10:55:02 Incoming Request : POST /user/token
[*]25-04-2024 10:55:02 Incoming Request : POST /user/token
[*]25-04-2024 10:55:02 Incoming Request : POST /user/token
[-]25-04-2024 10:57:21 Server started on port 3000
[*]25-04-2024 10:57:26 Incoming Request : GET /
[*]25-04-2024 10:57:34 Incoming Request : POST /user/token
[*]25-04-2024 10:57:35 Incoming Request : POST /user/token
[*]25-04-2024 10:57:35 Incoming Request : POST /user/token
[*]25-04-2024 10:57:36 Incoming Request : POST /user/token
[*]25-04-2024 10:57:36 Incoming Request : POST /user/token
[*]25-04-2024 10:57:36 Incoming Request : POST /user/token
[-]25-04-2024 10:59:26 Server started on port 3000
[*]25-04-2024 10:59:27 Incoming Request : POST /user/token
[*]25-04-2024 10:59:27 Incoming Request : POST /user/token
[*]25-04-2024 10:59:27 Incoming Request : POST /user/token
[*]25-04-2024 10:59:27 Incoming Request : POST /user/token
[-]25-04-2024 10:59:32 Server started on port 3000
[*]25-04-2024 10:59:50 Incoming Request : GET /
[*]25-04-2024 11:00:09 Incoming Request : POST /user/token
[*]25-04-2024 11:00:24 Incoming Request : POST /user/token
[*]25-04-2024 11:01:15 Incoming Request : GET /
[*]25-04-2024 11:01:18 Incoming Request : GET /
[*]25-04-2024 11:02:02 Incoming Request : GET /
[*]25-04-2024 11:02:03 Incoming Request : GET /
[*]25-04-2024 11:02:12 Incoming Request : POST /user/token
[*]25-04-2024 11:02:15 Incoming Request : POST /user/token
[*]25-04-2024 11:02:15 Incoming Request : POST /user/token
[*]25-04-2024 11:02:15 Incoming Request : POST /user/token
[*]25-04-2024 11:02:15 Incoming Request : POST /user/token
[*]25-04-2024 11:02:16 Incoming Request : POST /user/token
[*]25-04-2024 11:02:26 Incoming Request : POST /user/token
[-]25-04-2024 11:02:52 Server started on port 3000
[-]25-04-2024 11:03:46 Server started on port 3000
[-]25-04-2024 11:05:48 Server started on port 3000
[-]25-04-2024 11:05:50 Server started on port 3000
[-]25-04-2024 11:07:14 Server started on port 3000
[-]25-04-2024 11:07:16 Server started on port 3000
[*]25-04-2024 11:08:28 Incoming Request : GET /
[*]25-04-2024 11:08:38 Incoming Request : POST /user/token
[*]25-04-2024 11:08:38 Incoming Request : GET /dashboard
[*]25-04-2024 11:11:20 Incoming Request : GET /dashboard
[-]25-04-2024 11:12:14 Server started on port 3000
[-]25-04-2024 11:12:33 Server started on port 3000
[-]25-04-2024 11:12:45 Server started on port 3000
[-]25-04-2024 11:12:50 Server started on port 3000
[-]25-04-2024 11:12:52 Server started on port 3000
[-]25-04-2024 11:13:44 Server started on port 3000
[-]25-04-2024 11:14:39 Server started on port 3000
[-]25-04-2024 11:15:36 Server started on port 3000
[-]25-04-2024 11:15:46 Server started on port 3000
[-]25-04-2024 11:15:47 Server started on port 3000
[-]25-04-2024 15:17:55 Server started on port 3000
[*]25-04-2024 15:18:06 Incoming Request : POST /user/token
[*]25-04-2024 15:18:06 Incoming Request : GET /dashboard
[*]25-04-2024 15:18:13 Incoming Request : GET /dashboard
[*]25-04-2024 15:18:15 Incoming Request : GET /dashboard
[*]25-04-2024 15:18:20 Incoming Request : POST /user/token
[*]25-04-2024 15:18:20 Incoming Request : GET /dashboard
[*]25-04-2024 15:18:23 Incoming Request : GET /
[*]25-04-2024 15:18:30 Incoming Request : POST /user/token
[*]25-04-2024 15:18:32 Incoming Request : POST /user/token
[*]25-04-2024 15:18:32 Incoming Request : POST /user/token
[*]25-04-2024 15:18:32 Incoming Request : POST /user/token
[*]25-04-2024 15:18:33 Incoming Request : POST /user/token
[*]25-04-2024 15:18:33 Incoming Request : POST /user/token
[-]25-04-2024 15:22:17 Server started on port 3000
[*]25-04-2024 15:22:32 Incoming Request : GET /
[*]25-04-2024 15:22:53 Incoming Request : POST /user/token
[*]25-04-2024 15:23:09 Incoming Request : POST /user/token
[*]25-04-2024 15:23:09 Incoming Request : GET /dashboard
[*]25-04-2024 15:23:19 Incoming Request : POST /user/token
[*]25-04-2024 15:23:19 Incoming Request : GET /dashboard
[*]25-04-2024 15:23:25 Incoming Request : POST /user/token
[*]25-04-2024 15:23:25 Incoming Request : GET /dashboard
[-]25-04-2024 15:41:37 Server started on port 3000
[-]25-04-2024 15:41:38 Server started on port 3000
[-]25-04-2024 15:41:42 Server started on port 3000
[-]25-04-2024 15:41:45 Server started on port 3000
[-]25-04-2024 15:41:48 Server started on port 3000
[-]25-04-2024 15:41:55 Server started on port 3000
[-]25-04-2024 15:41:57 Server started on port 3000
[-]25-04-2024 15:42:00 Server started on port 3000
[-]25-04-2024 15:42:04 Server started on port 3000
[-]25-04-2024 15:42:24 Server started on port 3000
[-]25-04-2024 15:44:01 Server started on port 3000
[-]25-04-2024 15:44:04 Server started on port 3000
[-]25-04-2024 15:44:07 Server started on port 3000
[-]25-04-2024 15:44:10 Server started on port 3000
[-]25-04-2024 15:44:12 Server started on port 3000
[-]25-04-2024 15:44:21 Server started on port 3000
[-]25-04-2024 15:44:22 Server started on port 3000
[-]25-04-2024 15:44:30 Server started on port 3000
[-]25-04-2024 15:44:32 Server started on port 3000
[-]25-04-2024 15:44:38 Server started on port 3000
[-]25-04-2024 15:44:40 Server started on port 3000
[-]25-04-2024 15:44:45 Server started on port 3000
[-]25-04-2024 15:44:47 Server started on port 3000
[-]25-04-2024 15:44:50 Server started on port 3000
[-]25-04-2024 15:44:52 Server started on port 3000
[-]25-04-2024 15:44:53 Server started on port 3000
[-]25-04-2024 15:44:58 Server started on port 3000
[-]25-04-2024 15:45:01 Server started on port 3000
[-]25-04-2024 16:14:07 Server started on port 3000
[-]25-04-2024 16:14:18 Server started on port 3000
[-]25-04-2024 16:14:37 Server started on port 3000
[-]25-04-2024 16:14:43 Server started on port 3000
[-]25-04-2024 16:14:46 Server started on port 3000
[-]25-04-2024 16:14:53 Server started on port 3000
[-]25-04-2024 16:15:07 Server started on port 3000
[-]25-04-2024 16:15:15 Server started on port 3000
[-]25-04-2024 16:15:21 Server started on port 3000
[-]25-04-2024 16:15:25 Server started on port 3000
[-]25-04-2024 16:15:35 Server started on port 3000
[-]25-04-2024 16:15:39 Server started on port 3000
[-]25-04-2024 16:15:43 Server started on port 3000
[-]25-04-2024 16:16:16 Server started on port 3000
[-]25-04-2024 16:16:25 Server started on port 3000
[-]25-04-2024 16:16:26 Server started on port 3000
[-]25-04-2024 16:16:30 Server started on port 3000
[-]25-04-2024 16:16:33 Server started on port 3000
[-]25-04-2024 16:16:41 Server started on port 3000
[-]25-04-2024 16:16:48 Server started on port 3000
[-]25-04-2024 16:17:00 Server started on port 3000
[-]25-04-2024 16:17:02 Server started on port 3000
[-]25-04-2024 16:17:03 Server started on port 3000
[-]25-04-2024 16:17:07 Server started on port 3000
[-]25-04-2024 16:17:10 Server started on port 3000
[-]25-04-2024 16:17:12 Server started on port 3000
[-]25-04-2024 16:17:14 Server started on port 3000
[-]25-04-2024 16:17:59 Server started on port 3000
[-]25-04-2024 16:18:01 Server started on port 3000
[-]25-04-2024 16:18:04 Server started on port 3000
[-]25-04-2024 16:18:17 Server started on port 3000
[-]25-04-2024 16:18:20 Server started on port 3000
[-]25-04-2024 16:18:24 Server started on port 3000
[-]25-04-2024 16:18:25 Server started on port 3000
[-]25-04-2024 16:18:59 Server started on port 3000
[-]25-04-2024 21:43:02 Server started on port 3000
[-]25-04-2024 21:58:20 Server started on port 3000
[-]25-04-2024 21:58:37 Server started on port 3000
[-]25-04-2024 21:58:55 Server started on port 3000
[-]25-04-2024 21:59:00 Server started on port 3000
[-]25-04-2024 21:59:06 Server started on port 3000
[-]25-04-2024 21:59:15 Server started on port 3000
[-]25-04-2024 21:59:21 Server started on port 3000
[-]25-04-2024 21:59:26 Server started on port 3000
[-]25-04-2024 21:59:28 Server started on port 3000
[-]25-04-2024 21:59:34 Server started on port 3000
[-]25-04-2024 21:59:35 Server started on port 3000
[-]25-04-2024 21:59:37 Server started on port 3000
[-]25-04-2024 21:59:52 Server started on port 3000
[-]25-04-2024 22:00:04 Server started on port 3000
[-]25-04-2024 22:00:07 Server started on port 3000
[-]25-04-2024 22:00:31 Server started on port 3000
[-]25-04-2024 22:00:32 Server started on port 3000
[-]25-04-2024 22:00:35 Server started on port 3000
[-]25-04-2024 22:00:36 Server started on port 3000
[-]25-04-2024 22:00:38 Server started on port 3000
[*]25-04-2024 22:01:37 Incoming Request : GET /
[*]25-04-2024 22:01:49 Incoming Request : POST /user/token
[*]25-04-2024 22:01:49 Incoming Request : GET /dashboard
[*]25-04-2024 22:01:49 Incoming Request : GET /movies/
[-]25-04-2024 22:04:33 Server started on port 3000
[-]25-04-2024 22:04:36 Server started on port 3000
[-]25-04-2024 22:04:40 Server started on port 3000
[*]25-04-2024 22:04:49 Incoming Request : GET /dashboard
[*]25-04-2024 22:04:51 Incoming Request : GET /movies/
[*]25-04-2024 22:04:56 Incoming Request : GET /
[*]25-04-2024 22:05:03 Incoming Request : POST /user/token
[*]25-04-2024 22:05:03 Incoming Request : GET /dashboard
[*]25-04-2024 22:05:03 Incoming Request : GET /movies/
[-]25-04-2024 22:14:45 Server started on port 3000
[-]25-04-2024 22:14:50 Server started on port 3000
[-]25-04-2024 22:18:58 Server started on port 3000
[-]25-04-2024 22:19:00 Server started on port 3000
[-]25-04-2024 22:19:07 Server started on port 3000
[-]25-04-2024 22:19:15 Server started on port 3000
[-]25-04-2024 22:19:17 Server started on port 3000
[-]25-04-2024 22:19:21 Server started on port 3000
[-]25-04-2024 22:25:07 Server started on port 3000
[*]25-04-2024 22:25:50 Incoming Request : GET /dashboard
[*]25-04-2024 22:25:51 Incoming Request : GET /movies/
[*]25-04-2024 22:28:27 Incoming Request : GET /dashboard
[*]25-04-2024 22:28:27 Incoming Request : GET /movies/
[*]25-04-2024 22:28:36 Incoming Request : GET /dashboard
[*]25-04-2024 22:28:36 Incoming Request : GET /movies/
[*]25-04-2024 22:28:37 Incoming Request : GET /dashboard
[*]25-04-2024 22:28:37 Incoming Request : GET /movies/
[-]25-04-2024 22:37:07 Server started on port 3000
[*]25-04-2024 22:37:07 Incoming Request : GET /movies/
[-]25-04-2024 22:37:09 Server started on port 3000
[-]25-04-2024 22:37:10 Server started on port 3000
[*]25-04-2024 22:37:16 Incoming Request : GET /dashboard
[*]25-04-2024 22:37:17 Incoming Request : GET /movies/
[+]25-04-2024 22:37:17 Mongo DB Connected...
[+]25-04-2024 22:37:17 Data Was Served...
[!]25-04-2024 22:37:17 Mongo DB Disconnected...
[-]25-04-2024 22:40:24 Server started on port 3000
[-]25-04-2024 22:40:26 Server started on port 3000
[-]25-04-2024 22:40:59 Server started on port 3000
[*]25-04-2024 22:44:13 Incoming Request : GET /dashboard
[*]25-04-2024 22:44:14 Incoming Request : GET /movies/
[+]25-04-2024 22:44:14 Mongo DB Connected...
[+]25-04-2024 22:44:14 Data Was Served...
[!]25-04-2024 22:44:14 Mongo DB Disconnected...
[-]25-04-2024 22:56:42 Server started on port 3000
[-]25-04-2024 22:56:44 Server started on port 3000
[-]25-04-2024 22:56:47 Server started on port 3000
[-]25-04-2024 22:56:48 Server started on port 3000
[-]25-04-2024 22:56:49 Server started on port 3000
[-]25-04-2024 22:56:50 Server started on port 3000
[-]25-04-2024 22:56:52 Server started on port 3000
[-]25-04-2024 22:56:57 Server started on port 3000
[-]25-04-2024 22:56:58 Server started on port 3000
[-]25-04-2024 22:57:00 Server started on port 3000
[-]25-04-2024 22:57:11 Server started on port 3000
[*]25-04-2024 22:57:15 Incoming Request : GET /dashboard
[*]25-04-2024 22:57:15 Incoming Request : GET /movies/
[-]25-04-2024 23:05:55 Server started on port 3000
[*]25-04-2024 23:05:56 Incoming Request : GET /movies/
[-]25-04-2024 23:05:57 Server started on port 3000
[-]25-04-2024 23:05:59 Server started on port 3000
[-]25-04-2024 23:06:12 Server started on port 3000
[-]25-04-2024 23:06:16 Server started on port 3000
[-]25-04-2024 23:06:32 Server started on port 3000
[-]25-04-2024 23:06:42 Server started on port 3000
[-]25-04-2024 23:06:44 Server started on port 3000
[-]25-04-2024 23:08:52 Server started on port 3000
[-]25-04-2024 23:08:56 Server started on port 3000
[-]25-04-2024 23:09:23 Server started on port 3000
[*]25-04-2024 23:17:16 Incoming Request : GET /
[*]25-04-2024 23:17:46 Incoming Request : GET /
[*]25-04-2024 23:17:48 Incoming Request : GET /
[*]25-04-2024 23:17:49 Incoming Request : GET /
[*]25-04-2024 23:17:50 Incoming Request : GET /
[*]25-04-2024 23:17:50 Incoming Request : GET /
[*]25-04-2024 23:18:04 Incoming Request : POST /user/token
[*]25-04-2024 23:18:04 Incoming Request : GET /dashboard
[*]25-04-2024 23:18:04 Incoming Request : GET /movies/
[-]25-04-2024 23:19:21 Server started on port 3000
[-]25-04-2024 23:19:24 Server started on port 3000
[-]25-04-2024 23:19:26 Server started on port 3000
[-]25-04-2024 23:19:30 Server started on port 3000
[-]25-04-2024 23:19:38 Server started on port 3000
[-]25-04-2024 23:19:46 Server started on port 3000
[-]25-04-2024 23:19:55 Server started on port 3000
[-]25-04-2024 23:19:57 Server started on port 3000
[-]25-04-2024 23:19:58 Server started on port 3000
[-]25-04-2024 23:19:59 Server started on port 3000
[-]25-04-2024 23:20:05 Server started on port 3000
[-]25-04-2024 23:20:10 Server started on port 3000
[-]25-04-2024 23:20:14 Server started on port 3000
[-]25-04-2024 23:20:20 Server started on port 3000
[-]25-04-2024 23:20:22 Server started on port 3000
[-]25-04-2024 23:20:38 Server started on port 3000
[-]25-04-2024 23:20:50 Server started on port 3000
[-]25-04-2024 23:20:55 Server started on port 3000
[-]25-04-2024 23:20:57 Server started on port 3000
[-]25-04-2024 23:21:09 Server started on port 3000
[-]25-04-2024 23:21:11 Server started on port 3000
[-]25-04-2024 23:21:12 Server started on port 3000
[-]25-04-2024 23:21:31 Server started on port 3000
[*]25-04-2024 23:21:49 Incoming Request : GET /
[*]25-04-2024 23:22:11 Incoming Request : GET /
[*]25-04-2024 23:22:12 Incoming Request : GET /
[*]25-04-2024 23:22:13 Incoming Request : GET /
[*]25-04-2024 23:22:14 Incoming Request : GET /
[*]25-04-2024 23:22:21 Incoming Request : POST /user/token
[*]25-04-2024 23:22:21 Incoming Request : GET /dashboard
[*]25-04-2024 23:22:21 Incoming Request : GET /movies/
[-]25-04-2024 23:23:39 Server started on port 3000
[-]25-04-2024 23:23:41 Server started on port 3000
[*]25-04-2024 23:23:55 Incoming Request : GET /
[*]25-04-2024 23:24:02 Incoming Request : POST /user/token
[*]25-04-2024 23:24:02 Incoming Request : GET /dashboard
[*]25-04-2024 23:24:02 Incoming Request : GET /movies/
[+]25-04-2024 23:24:02 Mongo DB Connected...
[+]25-04-2024 23:24:02 Data Was Served...
[!]25-04-2024 23:24:02 Mongo DB Disconnected...
[-]25-04-2024 23:27:12 Server started on port 3000
[-]25-04-2024 23:28:48 Server started on port 3000
[-]25-04-2024 23:31:21 Server started on port 3000
[-]25-04-2024 23:31:23 Server started on port 3000
[-]25-04-2024 23:31:55 Server started on port 3000
[-]25-04-2024 23:31:58 Server started on port 3000
[*]25-04-2024 23:32:16 Incoming Request : GET /dashboard
[*]25-04-2024 23:32:17 Incoming Request : GET /movies/
[+]25-04-2024 23:32:17 Mongo DB Connected...
[+]25-04-2024 23:32:17 Data Was Served...
[!]25-04-2024 23:32:17 Mongo DB Disconnected...
[*]25-04-2024 23:32:24 Incoming Request : GET /
[*]25-04-2024 23:32:34 Incoming Request : POST /user/token
[*]25-04-2024 23:32:34 Incoming Request : GET /dashboard
[*]25-04-2024 23:32:35 Incoming Request : GET /movies/
[+]25-04-2024 23:32:35 Mongo DB Connected...
[+]25-04-2024 23:32:35 Data Was Served...
[!]25-04-2024 23:32:35 Mongo DB Disconnected...
[-]25-04-2024 23:34:59 Server started on port 3000
[-]25-04-2024 23:35:03 Server started on port 3000
[-]25-04-2024 23:35:06 Server started on port 3000
[-]25-04-2024 23:35:13 Server started on port 3000
[-]25-04-2024 23:35:23 Server started on port 3000
[*]25-04-2024 23:36:24 Incoming Request : GET /
[*]25-04-2024 23:36:32 Incoming Request : POST /user/token
[*]25-04-2024 23:36:36 Incoming Request : GET /dashboard
[*]25-04-2024 23:36:36 Incoming Request : GET /movies/
[+]25-04-2024 23:36:36 Mongo DB Connected...
[+]25-04-2024 23:36:36 Data Was Served...
[!]25-04-2024 23:36:36 Mongo DB Disconnected...
[-]25-04-2024 23:36:50 Server started on port 3000
[-]25-04-2024 23:36:52 Server started on port 3000
[*]25-04-2024 23:39:58 Incoming Request : GET /dashboard
[*]25-04-2024 23:39:58 Incoming Request : GET /movies/
[*]25-04-2024 23:40:35 Incoming Request : GET /dashboard
[*]25-04-2024 23:40:35 Incoming Request : GET /movies/
[+]25-04-2024 23:40:35 Mongo DB Connected...
[+]25-04-2024 23:40:35 Data Was Served...
[!]25-04-2024 23:40:35 Mongo DB Disconnected...
[*]25-04-2024 23:40:47 Incoming Request : GET /
[*]25-04-2024 23:40:54 Incoming Request : POST /user/token
[*]25-04-2024 23:40:56 Incoming Request : GET /dashboard
[*]25-04-2024 23:40:56 Incoming Request : GET /movies/
[+]25-04-2024 23:40:57 Mongo DB Connected...
[+]25-04-2024 23:40:57 Data Was Served...
[!]25-04-2024 23:40:57 Mongo DB Disconnected...
[-]25-04-2024 23:42:41 Server started on port 3000
[-]25-04-2024 23:42:43 Server started on port 3000
[*]25-04-2024 23:42:44 Incoming Request : GET /dashboard
[*]25-04-2024 23:42:44 Incoming Request : GET /movies/
[+]25-04-2024 23:42:44 Mongo DB Connected...
[+]25-04-2024 23:42:44 Data Was Served...
[!]25-04-2024 23:42:44 Mongo DB Disconnected...
[-]25-04-2024 23:43:13 Server started on port 3000
[-]25-04-2024 23:43:16 Server started on port 3000
[-]25-04-2024 23:43:19 Server started on port 3000
[-]25-04-2024 23:43:20 Server started on port 3000
[-]25-04-2024 23:43:22 Server started on port 3000
[*]25-04-2024 23:43:25 Incoming Request : GET /dashboard
[*]25-04-2024 23:43:26 Incoming Request : GET /movies/
[+]25-04-2024 23:43:27 Mongo DB Connected...
[+]25-04-2024 23:43:27 Data Was Served...
[!]25-04-2024 23:43:27 Mongo DB Disconnected...
[*]25-04-2024 23:43:34 Incoming Request : POST /user/token
[*]25-04-2024 23:43:37 Incoming Request : GET /dashboard
[*]25-04-2024 23:43:37 Incoming Request : GET /movies/
[+]25-04-2024 23:43:37 Mongo DB Connected...
[+]25-04-2024 23:43:37 Data Was Served...
[!]25-04-2024 23:43:37 Mongo DB Disconnected...